<?xml version="1.0" encoding="UTF-8"?>
<testsuite xmlns:xsi="http://www.w3.org/2001/XMLSchema-instance"
           xsi:noNamespaceSchemaLocation="https://maven.apache.org/surefire/maven-surefire-plugin/xsd/surefire-test-report.xsd"
           name="com.zberg.sample.chatbot.ChatCustomUiApplicationTests" time="2.829" tests="1" errors="0" skipped="0"
           failures="0">
    <properties>
[...]
</properties>
    <testcase name="contextLoads" classname="com.zberg.sample.chatbot.ChatCustomUiApplicationTests" time="0.103"/>
</testsuite>